# JRE version: OpenJDK Runtime Environment Temurin-21.0.5+11 (21.0.5+11) (build 21.0.5+11-LTS)
# Java VM: OpenJDK 64-Bit Server VM Temurin-21.0.5+11 (21.0.5+11-LTS, mixed mode, sharing, tiered, compressed oops, compressed class ptrs, g1 gc, windows-amd64)
GC Precious Log:
 CardTable entry size: 512
 Card Set container configuration: InlinePtr #cards 4 size 8 Array Of Cards #cards 16 size 48 Howl #buckets 8 coarsen threshold 3686 Howl Bitmap #cards 512 size 80 coarsen threshold 460 Card regions per heap region 1 cards per card region 4096
 CPUs: 24 total, 24 available
 Memory: 64583M
 Large Page Support: Disabled
 NUMA Support: Disabled
 Compressed Oops: Enabled (Zero based)
 Heap Region Size: 2M
 Heap Min Capacity: 8M
 Heap Initial Capacity: 1010M
 Heap Max Capacity: 4G
 Pre-touch: Disabled
 Parallel Workers: 18
 Concurrent Workers: 5
 Concurrent Refinement Workers: 18
 Periodic GC: Disabled
Heap:
 garbage-first heap   total 577536K, used 494301K [0x0000000700000000, 0x0000000800000000)
  region size 2048K, 41 young (83968K), 4 survivors (8192K)
 Metaspace       used 83283K, committed 85440K, reserved 1179648K
  class space    used 11719K, committed 12800K, reserved 1048576K
GC Heap History (20 events):
Event: 13.310 GC heap after
{Heap after GC invocations=14 (full 0):
 garbage-first heap   total 194560K, used 66691K [0x0000000700000000, 0x0000000800000000)
  region size 2048K, 7 young (14336K), 7 survivors (14336K)
 Metaspace       used 74680K, committed 76672K, reserved 1114112K
  class space    used 10545K, committed 11520K, reserved 1048576K
}
Event: 13.348 GC heap before
{Heap before GC invocations=14 (full 0):
 garbage-first heap   total 194560K, used 76931K [0x0000000700000000, 0x0000000800000000)
  region size 2048K, 13 young (26624K), 7 survivors (14336K)
 Metaspace       used 74944K, committed 77056K, reserved 1179648K
  class space    used 10567K, committed 11584K, reserved 1048576K
}
Event: 13.351 GC heap after
{Heap after GC invocations=15 (full 0):
 garbage-first heap   total 194560K, used 67840K [0x0000000700000000, 0x0000000800000000)
  region size 2048K, 5 young (10240K), 5 survivors (10240K)
 Metaspace       used 74944K, committed 77056K, reserved 1179648K
  class space    used 10567K, committed 11584K, reserved 1048576K
}
Event: 13.957 GC heap before
{Heap before GC invocations=16 (full 0):
 garbage-first heap   total 219136K, used 215296K [0x0000000700000000, 0x0000000800000000)
  region size 2048K, 39 young (79872K), 5 survivors (10240K)
 Metaspace       used 79227K, committed 81408K, reserved 1179648K
  class space    used 11230K, committed 12288K, reserved 1048576K
}
Event: 13.961 GC heap after
{Heap after GC invocations=17 (full 0):
 garbage-first heap   total 237568K, used 82541K [0x0000000700000000, 0x0000000800000000)
  region size 2048K, 5 young (10240K), 5 survivors (10240K)
 Metaspace       used 79227K, committed 81408K, reserved 1179648K
  class space    used 11230K, committed 12288K, reserved 1048576K
}
Event: 14.028 GC heap before
{Heap before GC invocations=17 (full 0):
 garbage-first heap   total 237568K, used 207469K [0x0000000700000000, 0x0000000800000000)
  region size 2048K, 67 young (137216K), 5 survivors (10240K)
 Metaspace       used 79310K, committed 81472K, reserved 1179648K
  class space    used 11239K, committed 12288K, reserved 1048576K
}
Event: 14.041 GC heap after
{Heap after GC invocations=18 (full 0):
 garbage-first heap   total 309248K, used 168749K [0x0000000700000000, 0x0000000800000000)
  region size 2048K, 9 young (18432K), 9 survivors (18432K)
 Metaspace       used 79310K, committed 81472K, reserved 1179648K
  class space    used 11239K, committed 12288K, reserved 1048576K
}
Event: 14.085 GC heap before
{Heap before GC invocations=18 (full 0):
 garbage-first heap   total 309248K, used 224045K [0x0000000700000000, 0x0000000800000000)
  region size 2048K, 37 young (75776K), 9 survivors (18432K)
 Metaspace       used 79424K, committed 81664K, reserved 1179648K
  class space    used 11252K, committed 12352K, reserved 1048576K
}
Event: 14.093 GC heap after
{Heap after GC invocations=19 (full 0):
 garbage-first heap   total 309248K, used 195864K [0x0000000700000000, 0x0000000800000000)
  region size 2048K, 6 young (12288K), 6 survivors (12288K)
 Metaspace       used 79424K, committed 81664K, reserved 1179648K
  class space    used 11252K, committed 12352K, reserved 1048576K
}
Event: 14.451 GC heap before
{Heap before GC invocations=20 (full 0):
 garbage-first heap   total 368640K, used 339224K [0x0000000700000000, 0x0000000800000000)
  region size 2048K, 31 young (63488K), 6 survivors (12288K)
 Metaspace       used 80749K, committed 82880K, reserved 1179648K
  class space    used 11467K, committed 12544K, reserved 1048576K
}
Event: 14.456 GC heap after
{Heap after GC invocations=21 (full 0):
 garbage-first heap   total 368640K, used 205353K [0x0000000700000000, 0x0000000800000000)
  region size 2048K, 3 young (6144K), 3 survivors (6144K)
 Metaspace       used 80749K, committed 82880K, reserved 1179648K
  class space    used 11467K, committed 12544K, reserved 1048576K
}
Event: 14.570 GC heap before
{Heap before GC invocations=21 (full 0):
 garbage-first heap   total 368640K, used 303657K [0x0000000700000000, 0x0000000800000000)
  region size 2048K, 43 young (88064K), 3 survivors (6144K)
 Metaspace       used 80833K, committed 83008K, reserved 1179648K
  class space    used 11471K, committed 12544K, reserved 1048576K
}
Event: 14.576 GC heap after
{Heap after GC invocations=22 (full 0):
 garbage-first heap   total 577536K, used 255875K [0x0000000700000000, 0x0000000800000000)
  region size 2048K, 6 young (12288K), 6 survivors (12288K)
 Metaspace       used 80833K, committed 83008K, reserved 1179648K
  class space    used 11471K, committed 12544K, reserved 1048576K
}
Event: 14.696 GC heap before
{Heap before GC invocations=22 (full 0):
 garbage-first heap   total 577536K, used 438147K [0x0000000700000000, 0x0000000800000000)
  region size 2048K, 86 young (176128K), 6 survivors (12288K)
 Metaspace       used 80936K, committed 83136K, reserved 1179648K
  class space    used 11471K, committed 12544K, reserved 1048576K
}
Event: 14.714 GC heap after
{Heap after GC invocations=23 (full 0):
 garbage-first heap   total 577536K, used 370688K [0x0000000700000000, 0x0000000800000000)
  region size 2048K, 11 young (22528K), 11 survivors (22528K)
 Metaspace       used 80936K, committed 83136K, reserved 1179648K
  class space    used 11471K, committed 12544K, reserved 1048576K
}
Event: 14.733 GC heap before
{Heap before GC invocations=23 (full 0):
 garbage-first heap   total 577536K, used 456704K [0x0000000700000000, 0x0000000800000000)
  region size 2048K, 53 young (108544K), 11 survivors (22528K)
 Metaspace       used 80936K, committed 83136K, reserved 1179648K
  class space    used 11471K, committed 12544K, reserved 1048576K
}
Event: 14.741 GC heap after
{Heap after GC invocations=24 (full 0):
 garbage-first heap   total 577536K, used 431883K [0x0000000700000000, 0x0000000800000000)
  region size 2048K, 7 young (14336K), 7 survivors (14336K)
 Metaspace       used 80936K, committed 83136K, reserved 1179648K
  class space    used 11471K, committed 12544K, reserved 1048576K
}
Event: 14.810 GC heap before
{Heap before GC invocations=25 (full 0):
 garbage-first heap   total 577536K, used 403211K [0x0000000700000000, 0x0000000800000000)
  region size 2048K, 35 young (71680K), 7 survivors (14336K)
 Metaspace       used 81045K, committed 83200K, reserved 1179648K
  class space    used 11472K, committed 12544K, reserved 1048576K
}
Event: 14.817 GC heap after
{Heap after GC invocations=26 (full 0):
 garbage-first heap   total 577536K, used 377565K [0x0000000700000000, 0x0000000800000000)
  region size 2048K, 5 young (10240K), 5 survivors (10240K)
 Metaspace       used 81045K, committed 83200K, reserved 1179648K
  class space    used 11472K, committed 12544K, reserved 1048576K
}
Event: 422.565 GC heap before
{Heap before GC invocations=26 (full 0):
 garbage-first heap   total 577536K, used 492253K [0x0000000700000000, 0x0000000800000000)
  region size 2048K, 42 young (86016K), 5 survivors (10240K)
 Metaspace       used 83283K, committed 85440K, reserved 1179648K
  class space    used 11719K, committed 12800K, reserved 1048576K
}

