# JRE version: OpenJDK Runtime Environment Temurin-21.0.5+11 (21.0.5+11) (build 21.0.5+11-LTS)
# Java VM: OpenJDK 64-Bit Server VM Temurin-21.0.5+11 (21.0.5+11-LTS, mixed mode, sharing, tiered, compressed oops, compressed class ptrs, g1 gc, windows-amd64)
GC Precious Log:
 CardTable entry size: 512
 Card Set container configuration: InlinePtr #cards 4 size 8 Array Of Cards #cards 16 size 48 Howl #buckets 8 coarsen threshold 3686 Howl Bitmap #cards 512 size 80 coarsen threshold 460 Card regions per heap region 1 cards per card region 4096
 CPUs: 24 total, 24 available
 Memory: 64583M
 Large Page Support: Disabled
 NUMA Support: Disabled
 Compressed Oops: Enabled (Zero based)
 Heap Region Size: 2M
 Heap Min Capacity: 8M
 Heap Initial Capacity: 1010M
 Heap Max Capacity: 4G
 Pre-touch: Disabled
 Parallel Workers: 18
 Concurrent Workers: 5
 Concurrent Refinement Workers: 18
 Periodic GC: Disabled
Heap:
 garbage-first heap   total 630784K, used 427598K [0x0000000700000000, 0x0000000800000000)
  region size 2048K, 47 young (96256K), 7 survivors (14336K)
 Metaspace       used 72035K, committed 74176K, reserved 1114112K
  class space    used 10120K, committed 11200K, reserved 1048576K
GC Heap History (20 events):
Event: 6.735 GC heap after
{Heap after GC invocations=15 (full 0):
 garbage-first heap   total 278528K, used 135168K [0x0000000700000000, 0x0000000800000000)
  region size 2048K, 9 young (18432K), 9 survivors (18432K)
 Metaspace       used 71739K, committed 73920K, reserved 1114112K
  class space    used 10091K, committed 11200K, reserved 1048576K
}
Event: 6.781 GC heap before
{Heap before GC invocations=15 (full 0):
 garbage-first heap   total 278528K, used 210944K [0x0000000700000000, 0x0000000800000000)
  region size 2048K, 46 young (94208K), 9 survivors (18432K)
 Metaspace       used 71854K, committed 73984K, reserved 1114112K
  class space    used 10103K, committed 11200K, reserved 1048576K
}
Event: 6.790 GC heap after
{Heap after GC invocations=16 (full 0):
 garbage-first heap   total 282624K, used 187756K [0x0000000700000000, 0x0000000800000000)
  region size 2048K, 6 young (12288K), 6 survivors (12288K)
 Metaspace       used 71854K, committed 73984K, reserved 1114112K
  class space    used 10103K, committed 11200K, reserved 1048576K
}
Event: 6.864 GC heap before
{Heap before GC invocations=17 (full 0):
 garbage-first heap   total 315392K, used 236908K [0x0000000700000000, 0x0000000800000000)
  region size 2048K, 26 young (53248K), 6 survivors (12288K)
 Metaspace       used 71859K, committed 73984K, reserved 1114112K
  class space    used 10103K, committed 11200K, reserved 1048576K
}
Event: 6.870 GC heap after
{Heap after GC invocations=18 (full 0):
 garbage-first heap   total 315392K, used 220241K [0x0000000700000000, 0x0000000800000000)
  region size 2048K, 4 young (8192K), 4 survivors (8192K)
 Metaspace       used 71859K, committed 73984K, reserved 1114112K
  class space    used 10103K, committed 11200K, reserved 1048576K
}
Event: 6.900 GC heap before
{Heap before GC invocations=18 (full 0):
 garbage-first heap   total 315392K, used 257105K [0x0000000700000000, 0x0000000800000000)
  region size 2048K, 22 young (45056K), 4 survivors (8192K)
 Metaspace       used 71859K, committed 73984K, reserved 1114112K
  class space    used 10103K, committed 11200K, reserved 1048576K
}
Event: 6.904 GC heap after
{Heap after GC invocations=19 (full 0):
 garbage-first heap   total 315392K, used 224464K [0x0000000700000000, 0x0000000800000000)
  region size 2048K, 3 young (6144K), 3 survivors (6144K)
 Metaspace       used 71859K, committed 73984K, reserved 1114112K
  class space    used 10103K, committed 11200K, reserved 1048576K
}
Event: 6.936 GC heap before
{Heap before GC invocations=19 (full 0):
 garbage-first heap   total 315392K, used 263376K [0x0000000700000000, 0x0000000800000000)
  region size 2048K, 22 young (45056K), 3 survivors (6144K)
 Metaspace       used 71859K, committed 73984K, reserved 1114112K
  class space    used 10103K, committed 11200K, reserved 1048576K
}
Event: 6.938 GC heap after
{Heap after GC invocations=20 (full 0):
 garbage-first heap   total 315392K, used 234431K [0x0000000700000000, 0x0000000800000000)
  region size 2048K, 3 young (6144K), 3 survivors (6144K)
 Metaspace       used 71859K, committed 73984K, reserved 1114112K
  class space    used 10103K, committed 11200K, reserved 1048576K
}
Event: 6.963 GC heap before
{Heap before GC invocations=20 (full 0):
 garbage-first heap   total 315392K, used 271295K [0x0000000700000000, 0x0000000800000000)
  region size 2048K, 21 young (43008K), 3 survivors (6144K)
 Metaspace       used 71864K, committed 74048K, reserved 1114112K
  class space    used 10103K, committed 11200K, reserved 1048576K
}
Event: 6.966 GC heap after
{Heap after GC invocations=21 (full 0):
 garbage-first heap   total 630784K, used 242696K [0x0000000700000000, 0x0000000800000000)
  region size 2048K, 3 young (6144K), 3 survivors (6144K)
 Metaspace       used 71864K, committed 74048K, reserved 1114112K
  class space    used 10103K, committed 11200K, reserved 1048576K
}
Event: 7.074 GC heap before
{Heap before GC invocations=22 (full 0):
 garbage-first heap   total 630784K, used 441352K [0x0000000700000000, 0x0000000800000000)
  region size 2048K, 100 young (204800K), 3 survivors (6144K)
 Metaspace       used 71864K, committed 74048K, reserved 1114112K
  class space    used 10103K, committed 11200K, reserved 1048576K
}
Event: 7.084 GC heap after
{Heap after GC invocations=23 (full 0):
 garbage-first heap   total 630784K, used 301420K [0x0000000700000000, 0x0000000800000000)
  region size 2048K, 13 young (26624K), 13 survivors (26624K)
 Metaspace       used 71864K, committed 74048K, reserved 1114112K
  class space    used 10103K, committed 11200K, reserved 1048576K
}
Event: 7.318 GC heap before
{Heap before GC invocations=23 (full 0):
 garbage-first heap   total 630784K, used 471404K [0x0000000700000000, 0x0000000800000000)
  region size 2048K, 96 young (196608K), 13 survivors (26624K)
 Metaspace       used 71991K, committed 74176K, reserved 1114112K
  class space    used 10118K, committed 11200K, reserved 1048576K
}
Event: 7.329 GC heap after
{Heap after GC invocations=24 (full 0):
 garbage-first heap   total 630784K, used 301697K [0x0000000700000000, 0x0000000800000000)
  region size 2048K, 12 young (24576K), 12 survivors (24576K)
 Metaspace       used 71991K, committed 74176K, reserved 1114112K
  class space    used 10118K, committed 11200K, reserved 1048576K
}
Event: 7.675 GC heap before
{Heap before GC invocations=24 (full 0):
 garbage-first heap   total 630784K, used 490113K [0x0000000700000000, 0x0000000800000000)
  region size 2048K, 96 young (196608K), 12 survivors (24576K)
 Metaspace       used 72033K, committed 74176K, reserved 1114112K
  class space    used 10120K, committed 11200K, reserved 1048576K
}
Event: 7.685 GC heap after
{Heap after GC invocations=25 (full 0):
 garbage-first heap   total 630784K, used 365711K [0x0000000700000000, 0x0000000800000000)
  region size 2048K, 12 young (24576K), 12 survivors (24576K)
 Metaspace       used 72033K, committed 74176K, reserved 1114112K
  class space    used 10120K, committed 11200K, reserved 1048576K
}
Event: 7.723 GC heap before
{Heap before GC invocations=25 (full 0):
 garbage-first heap   total 630784K, used 461967K [0x0000000700000000, 0x0000000800000000)
  region size 2048K, 60 young (122880K), 12 survivors (24576K)
 Metaspace       used 72033K, committed 74176K, reserved 1114112K
  class space    used 10120K, committed 11200K, reserved 1048576K
}
Event: 7.734 GC heap after
{Heap after GC invocations=26 (full 0):
 garbage-first heap   total 630784K, used 425550K [0x0000000700000000, 0x0000000800000000)
  region size 2048K, 10 young (20480K), 10 survivors (20480K)
 Metaspace       used 72033K, committed 74176K, reserved 1114112K
  class space    used 10120K, committed 11200K, reserved 1048576K
}
Event: 7.777 GC heap before
{Heap before GC invocations=27 (full 0):
 garbage-first heap   total 630784K, used 425550K [0x0000000700000000, 0x0000000800000000)
  region size 2048K, 50 young (102400K), 10 survivors (20480K)
 Metaspace       used 72035K, committed 74176K, reserved 1114112K
  class space    used 10120K, committed 11200K, reserved 1048576K
}

